# JRE version: Java(TM) SE Runtime Environment (8.0_25-b18) (build 1.8.0_25-b18)
# Java VM: Java HotSpot(TM) 64-Bit Server VM (25.25-b02 mixed mode windows-amd64 compressed oops)
Heap:
 PSYoungGen      total 225792K, used 124038K [0x00000000eab00000, 0x00000000ff900000, 0x0000000100000000)
  eden space 116736K, 90% used [0x00000000eab00000,0x00000000f11c3618,0x00000000f1d00000)
  from space 109056K, 17% used [0x00000000f8e80000,0x00000000fa0de3e8,0x00000000ff900000)
  to   space 112640K, 0% used [0x00000000f1d00000,0x00000000f1d00000,0x00000000f8b00000)
 ParOldGen       total 608256K, used 538080K [0x00000000c0000000, 0x00000000e5200000, 0x00000000eab00000)
  object space 608256K, 88% used [0x00000000c0000000,0x00000000e0d781c0,0x00000000e5200000)
 Metaspace       used 6648K, capacity 7384K, committed 7680K, reserved 1056768K
  class space    used 623K, capacity 656K, committed 768K, reserved 1048576K
GC Heap History (10 events):
Event: 21.593 GC heap before
{Heap before GC invocations=32 (full 6):
 PSYoungGen      total 232960K, used 138898K [0x00000000eab00000, 0x0000000100000000, 0x0000000100000000)
  eden space 116736K, 100% used [0x00000000eab00000,0x00000000f1d00000,0x00000000f1d00000)
  from space 116224K, 19% used [0x00000000f1d00000,0x00000000f32a4850,0x00000000f8e80000)
  to   space 116224K, 0% used [0x00000000f8e80000,0x00000000f8e80000,0x0000000100000000)
 ParOldGen       total 608256K, used 446211K [0x00000000c0000000, 0x00000000e5200000, 0x00000000eab00000)
  object space 608256K, 73% used [0x00000000c0000000,0x00000000db3c0c80,0x00000000e5200000)
 Metaspace       used 6529K, capacity 7320K, committed 7680K, reserved 1056768K
  class space    used 616K, capacity 656K, committed 768K, reserved 1048576K
Event: 21.673 GC heap after
Heap after GC invocations=32 (full 6):
 PSYoungGen      total 232960K, used 18539K [0x00000000eab00000, 0x0000000100000000, 0x0000000100000000)
  eden space 116736K, 0% used [0x00000000eab00000,0x00000000eab00000,0x00000000f1d00000)
  from space 116224K, 15% used [0x00000000f8e80000,0x00000000fa09ace8,0x0000000100000000)
  to   space 116224K, 0% used [0x00000000f1d00000,0x00000000f1d00000,0x00000000f8e80000)
 ParOldGen       total 608256K, used 467537K [0x00000000c0000000, 0x00000000e5200000, 0x00000000eab00000)
  object space 608256K, 76% used [0x00000000c0000000,0x00000000dc894420,0x00000000e5200000)
 Metaspace       used 6529K, capacity 7320K, committed 7680K, reserved 1056768K
  class space    used 616K, capacity 656K, committed 768K, reserved 1048576K
}
Event: 21.892 GC heap before
{Heap before GC invocations=33 (full 6):
 PSYoungGen      total 232960K, used 135275K [0x00000000eab00000, 0x0000000100000000, 0x0000000100000000)
  eden space 116736K, 100% used [0x00000000eab00000,0x00000000f1d00000,0x00000000f1d00000)
  from space 116224K, 15% used [0x00000000f8e80000,0x00000000fa09ace8,0x0000000100000000)
  to   space 116224K, 0% used [0x00000000f1d00000,0x00000000f1d00000,0x00000000f8e80000)
 ParOldGen       total 608256K, used 467537K [0x00000000c0000000, 0x00000000e5200000, 0x00000000eab00000)
  object space 608256K, 76% used [0x00000000c0000000,0x00000000dc894420,0x00000000e5200000)
 Metaspace       used 6529K, capacity 7320K, committed 7680K, reserved 1056768K
  class space    used 616K, capacity 656K, committed 768K, reserved 1048576K
Event: 21.969 GC heap after
Heap after GC invocations=33 (full 6):
 PSYoungGen      total 232960K, used 17804K [0x00000000eab00000, 0x0000000100000000, 0x0000000100000000)
  eden space 116736K, 0% used [0x00000000eab00000,0x00000000eab00000,0x00000000f1d00000)
  from space 116224K, 15% used [0x00000000f1d00000,0x00000000f2e63300,0x00000000f8e80000)
  to   space 116224K, 0% used [0x00000000f8e80000,0x00000000f8e80000,0x0000000100000000)
 ParOldGen       total 608256K, used 485361K [0x00000000c0000000, 0x00000000e5200000, 0x00000000eab00000)
  object space 608256K, 79% used [0x00000000c0000000,0x00000000dd9fc668,0x00000000e5200000)
 Metaspace       used 6529K, capacity 7320K, committed 7680K, reserved 1056768K
  class space    used 616K, capacity 656K, committed 768K, reserved 1048576K
}
Event: 25.299 GC heap before
{Heap before GC invocations=34 (full 6):
 PSYoungGen      total 232960K, used 134540K [0x00000000eab00000, 0x0000000100000000, 0x0000000100000000)
  eden space 116736K, 100% used [0x00000000eab00000,0x00000000f1d00000,0x00000000f1d00000)
  from space 116224K, 15% used [0x00000000f1d00000,0x00000000f2e63300,0x00000000f8e80000)
  to   space 116224K, 0% used [0x00000000f8e80000,0x00000000f8e80000,0x0000000100000000)
 ParOldGen       total 608256K, used 485361K [0x00000000c0000000, 0x00000000e5200000, 0x00000000eab00000)
  object space 608256K, 79% used [0x00000000c0000000,0x00000000dd9fc668,0x00000000e5200000)
 Metaspace       used 6529K, capacity 7320K, committed 7680K, reserved 1056768K
  class space    used 616K, capacity 656K, committed 768K, reserved 1048576K
Event: 25.365 GC heap after
Heap after GC invocations=34 (full 6):
 PSYoungGen      total 232960K, used 18747K [0x00000000eab00000, 0x0000000100000000, 0x0000000100000000)
  eden space 116736K, 0% used [0x00000000eab00000,0x00000000eab00000,0x00000000f1d00000)
  from space 116224K, 16% used [0x00000000f8e80000,0x00000000fa0ced58,0x0000000100000000)
  to   space 116224K, 0% used [0x00000000f1d00000,0x00000000f1d00000,0x00000000f8e80000)
 ParOldGen       total 608256K, used 502445K [0x00000000c0000000, 0x00000000e5200000, 0x00000000eab00000)
  object space 608256K, 82% used [0x00000000c0000000,0x00000000deaab768,0x00000000e5200000)
 Metaspace       used 6529K, capacity 7320K, committed 7680K, reserved 1056768K
  class space    used 616K, capacity 656K, committed 768K, reserved 1048576K
}
Event: 26.519 GC heap before
{Heap before GC invocations=35 (full 6):
 PSYoungGen      total 232960K, used 135483K [0x00000000eab00000, 0x0000000100000000, 0x0000000100000000)
  eden space 116736K, 100% used [0x00000000eab00000,0x00000000f1d00000,0x00000000f1d00000)
  from space 116224K, 16% used [0x00000000f8e80000,0x00000000fa0ced58,0x0000000100000000)
  to   space 116224K, 0% used [0x00000000f1d00000,0x00000000f1d00000,0x00000000f8e80000)
 ParOldGen       total 608256K, used 502445K [0x00000000c0000000, 0x00000000e5200000, 0x00000000eab00000)
  object space 608256K, 82% used [0x00000000c0000000,0x00000000deaab768,0x00000000e5200000)
 Metaspace       used 6530K, capacity 7320K, committed 7680K, reserved 1056768K
  class space    used 616K, capacity 656K, committed 768K, reserved 1048576K
Event: 26.571 GC heap after
Heap after GC invocations=35 (full 6):
 PSYoungGen      total 232960K, used 18809K [0x00000000eab00000, 0x0000000100000000, 0x0000000100000000)
  eden space 116736K, 0% used [0x00000000eab00000,0x00000000eab00000,0x00000000f1d00000)
  from space 116224K, 16% used [0x00000000f1d00000,0x00000000f2f5e5a8,0x00000000f8e80000)
  to   space 116224K, 0% used [0x00000000f8e80000,0x00000000f8e80000,0x0000000100000000)
 ParOldGen       total 608256K, used 520533K [0x00000000c0000000, 0x00000000e5200000, 0x00000000eab00000)
  object space 608256K, 85% used [0x00000000c0000000,0x00000000dfc55728,0x00000000e5200000)
 Metaspace       used 6530K, capacity 7320K, committed 7680K, reserved 1056768K
  class space    used 616K, capacity 656K, committed 768K, reserved 1048576K
}
Event: 26.875 GC heap before
{Heap before GC invocations=36 (full 6):
 PSYoungGen      total 232960K, used 135545K [0x00000000eab00000, 0x0000000100000000, 0x0000000100000000)
  eden space 116736K, 100% used [0x00000000eab00000,0x00000000f1d00000,0x00000000f1d00000)
  from space 116224K, 16% used [0x00000000f1d00000,0x00000000f2f5e5a8,0x00000000f8e80000)
  to   space 116224K, 0% used [0x00000000f8e80000,0x00000000f8e80000,0x0000000100000000)
 ParOldGen       total 608256K, used 520533K [0x00000000c0000000, 0x00000000e5200000, 0x00000000eab00000)
  object space 608256K, 85% used [0x00000000c0000000,0x00000000dfc55728,0x00000000e5200000)
 Metaspace       used 6530K, capacity 7320K, committed 7680K, reserved 1056768K
  class space    used 616K, capacity 656K, committed 768K, reserved 1048576K
Event: 26.924 GC heap after
Heap after GC invocations=36 (full 6):
 PSYoungGen      total 225792K, used 18808K [0x00000000eab00000, 0x00000000ff900000, 0x0000000100000000)
  eden space 116736K, 0% used [0x00000000eab00000,0x00000000eab00000,0x00000000f1d00000)
  from space 109056K, 17% used [0x00000000f8e80000,0x00000000fa0de3e8,0x00000000ff900000)
  to   space 112640K, 0% used [0x00000000f1d00000,0x00000000f1d00000,0x00000000f8b00000)
 ParOldGen       total 608256K, used 538080K [0x00000000c0000000, 0x00000000e5200000, 0x00000000eab00000)
  object space 608256K, 88% used [0x00000000c0000000,0x00000000e0d781c0,0x00000000e5200000)
 Metaspace       used 6530K, capacity 7320K, committed 7680K, reserved 1056768K
  class space    used 616K, capacity 656K, committed 768K, reserved 1048576K
}

